<?xml version="1.0" encoding="UTF-8"?>
<!-- Generated by org.testng.reporters.JUnitXMLReporter -->
<testsuite ignored="0" hostname="NSL-6535" failures="1" tests="7" name="Test1" time="18.687" errors="0" timestamp="2022-06-20T14:27:09 IST">
  <testcase classname="io.cucumber.testng.AbstractTestNGCucumberTests" name="runScenario" time="10.124"/>
  <testcase classname="CustomizedTestNGCucumber.CustomizedTestNG_Cucumber" name="methods" time="0.003"/>
  <testcase classname="CustomizedTestNGCucumber.CustomizedTestNG_Cucumber" name="check" time="0.036">
    <failure type="java.lang.AssertionError" message="expected [true] but found [false]">
      <![CDATA[java.lang.AssertionError: expected [true] but found [false]
at CustomizedTestNGCucumber.CustomizedTestNG_Cucumber.check(CustomizedTestNG_Cucumber.java:57)
at java.base/java.util.ArrayList.forEach(ArrayList.java:1511)
... Removed 31 stack frames]]>
    </failure>
  </testcase> <!-- check -->
  <testcase classname="CustomizedTestNGCucumber.CustomizedTestNG_Cucumber" name="login" time="0.004"/>
  <testcase classname="CustomizedTestNGCucumber.CustomizedTestNG_Cucumber" name="login" time="0.001"/>
  <testcase classname="CustomizedTestNGCucumber.CustomizedTestNG_Cucumber" name="login" time="0.001"/>
  <testcase classname="CustomizedTestNGCucumber.CustomizedTestNG_Cucumber" name="login" time="0.001"/>
</testsuite> <!-- Test1 -->
